2026-05-14 16:26:32,044-INFO-Found credentials in shared credentials file: ~/.aws/credentials
2026-05-14 16:26:32,849-INFO-Data extrcation for sales data has started...
2026-05-14 16:26:33,882-INFO-Data extrcation for sales data has completed...
2026-05-14 16:26:33,882-INFO-Data extrcation for product data has started...
2026-05-14 16:26:33,882-INFO-product file download from linux server has started...
2026-05-14 16:26:33,992-INFO-Connected (version 2.0, client OpenSSH_8.7)
2026-05-14 16:26:34,281-INFO-Authentication (password) successful!
2026-05-14 16:26:35,705-INFO-[chan 0] Opened sftp connection (server version 3)
2026-05-14 16:26:35,751-INFO-[chan 0] sftp session closed.
2026-05-14 16:26:35,751-INFO-product file download from linux server has completed...
2026-05-14 16:26:35,865-INFO-Data extrcation for product data has completed...
2026-05-14 16:26:35,865-INFO-Data extrcation for inventory data has started...
2026-05-14 16:26:36,244-INFO-Data extrcation for inventory data has completed...
2026-05-14 16:26:36,244-INFO-Data extrcation for supplier data has started...
2026-05-14 16:26:36,434-INFO-Data extrcation for supplier data has completed...
2026-05-14 16:26:36,435-INFO-Data extrcation for stores data has started...
2026-05-14 16:26:37,589-INFO-Data extrcation for stores data has completed...
2026-05-14 16:26:44,007-INFO-Found credentials in shared credentials file: ~/.aws/credentials
2026-05-14 16:26:44,756-INFO-Filter Transformation on sales data has started...
2026-05-14 16:26:44,914-INFO-Filter Transformation on sales data has completed...
2026-05-14 16:26:44,914-INFO-Router Transformation for Low sales data has started...
2026-05-14 16:26:45,042-INFO-Router Transformation for Low sales data has completed...
2026-05-14 16:26:45,043-INFO-Router Transformation for High sales data has started...
2026-05-14 16:26:45,221-INFO-Router Transformation for High sales data has completed...
2026-05-14 16:26:45,221-INFO-Aggregator Transformation for sales data has started...
2026-05-14 16:26:45,383-INFO-Aggregator Transformation for sales data has completed...
2026-05-14 16:26:45,383-INFO-Joiner Transformation for sales data has started...
2026-05-14 16:26:45,516-INFO-Joiner Transformation for sales data has completed...
2026-05-14 16:26:45,516-INFO-Aggregator  Transformation for inventory data has started...
2026-05-14 16:26:45,684-INFO-Aggregator  Transformation for inventory data has completed...
2026-05-14 16:27:19,683-INFO-Found credentials in shared credentials file: ~/.aws/credentials
2026-05-14 16:27:20,420-INFO-Data Loading in fact_sales started...
2026-05-14 16:27:20,453-INFO-insert into fact_sales(sales_id,product_id,store_id,quantity,total_sales,sale_date) 
                    select sales_id,product_id,store_id,quantity,sales_amount,sale_date from sales_with_details
2026-05-14 16:27:20,502-INFO-Data Loading in fact_sales completed...
2026-05-14 16:27:20,502-INFO-Data Loading in fact_inventory started...
2026-05-14 16:27:20,502-INFO-insert into fact_inventory(product_id,store_id,quantity_on_hand,last_updated) 
            select product_id,store_id,quantity_on_hand,last_updated from stag_inventory
2026-05-14 16:27:20,528-INFO-Data Loading in fact_inventory completed...
2026-05-14 16:27:20,529-INFO-Data Loading in monthly_sales_summary started...
2026-05-14 16:27:20,529-INFO-insert into monthly_sales_summary(product_id,year,month,total_sales ) 
                        select product_id,year,month,total_sales from monthly_sales_summary_source
2026-05-14 16:27:20,556-INFO-Data Loading in monthly_sales_summary completed...
2026-05-14 16:27:20,556-INFO-Data Loading in inventory_level_bys_stores started...
2026-05-14 16:27:20,558-INFO-insert into inventory_levels_by_store(store_id,total_inventory) 
                        select store_id,total_inventory from  aggregated_inventory_level
2026-05-14 16:27:20,670-INFO-Data Loading in inventory_level_bys_stores completed...
